[    0.000000] Linux version 4.15.0-212-generic (buildd@lcy02-amd64-083) (gcc version 7.5.0 (Ubuntu 7.5.0-3ubuntu1~18.04)) #223-Ubuntu SMP Tue May 23 13:09:22 UTC 2023 (Ubuntu 4.15.0-212.223-generic 4.15.18)
[    0.000000] Command line: BOOT_IMAGE=/boot/vmlinuz-4.15.0-212-generic root=LABEL=cloudimg-rootfs ro console=tty1 console=ttyS0
[    0.000000] KERNEL supported cpus:
[    0.000000]   Intel GenuineIntel
[    0.000000]   AMD AuthenticAMD
[    0.000000]   Centaur CentaurHauls
[    0.000000] x86/fpu: x87 FPU will use FXSAVE
[    0.000000] e820: BIOS-provided physical RAM map:
[    0.000000] BIOS-e820: [mem 0x0000000000000000-0x000000000009fbff] usable
[    0.000000] BIOS-e820: [mem 0x000000000009fc00-0x000000000009ffff] reserved
[    0.000000] BIOS-e820: [mem 0x00000000000f0000-0x00000000000fffff] reserved
[    0.000000] BIOS-e820: [mem 0x0000000000100000-0x000000003ffeffff] usable
[    0.000000] BIOS-e820: [mem 0x000000003fff0000-0x000000003fffffff] ACPI data
[    0.000000] BIOS-e820: [mem 0x00000000fec00000-0x00000000fec00fff] reserved
[    0.000000] BIOS-e820: [mem 0x00000000fee00000-0x00000000fee00fff] reserved
[    0.000000] BIOS-e820: [mem 0x00000000fffc0000-0x00000000ffffffff] reserved
[    0.000000] NX (Execute Disable) protection: active
[    0.000000] SMBIOS 2.5 present.
[    0.000000] DMI: innotek GmbH VirtualBox/VirtualBox, BIOS VirtualBox 12/01/2006
[    0.000000] Hypervisor detected: KVM
[    0.000000] e820: last_pfn = 0x3fff0 max_arch_pfn = 0x400000000
[    0.000000] MTRR: Disabled
[    0.000000] x86/PAT: MTRRs disabled, skipping PAT initialization too.
[    0.000000] CPU MTRRs all blank - virtualized system.
[    0.000000] x86/PAT: Configuration [0-7]: WB  WT  UC- UC  WB  WT  UC- UC  
[    0.000000] found SMP MP-table at [mem 0x0009fff0-0x0009ffff]
[    0.000000] Scanning 1 areas for low memory corruption
[    0.000000] RAMDISK: [mem 0x359cb000-0x36cdcfff]
[    0.000000] ACPI: Early table checksum verification disabled
[    0.000000] ACPI: RSDP 0x00000000000E0000 000024 (v02 VBOX  )
[    0.000000] ACPI: XSDT 0x000000003FFF0030 00003C (v01 VBOX   VBOXXSDT 00000001 ASL  00000061)
[    0.000000] ACPI: FACP 0x000000003FFF00F0 0000F4 (v04 VBOX   VBOXFACP 00000001 ASL  00000061)
[    0.000000] ACPI: DSDT 0x000000003FFF0610 002353 (v02 VBOX   VBOXBIOS 00000002 INTL 20100528)
[    0.000000] ACPI: FACS 0x000000003FFF0200 000040
[    0.000000] ACPI: FACS 0x000000003FFF0200 000040
[    0.000000] ACPI: APIC 0x000000003FFF0240 00005C (v02 VBOX   VBOXAPIC 00000001 ASL  00000061)
[    0.000000] ACPI: SSDT 0x000000003FFF02A0 00036C (v01 VBOX   VBOXCPUT 00000002 INTL 20100528)
[    0.000000] ACPI: Reserving FACP table memory at [mem 0x3fff00f0-0x3fff01e3]
[    0.000000] ACPI: Reserving DSDT table memory at [mem 0x3fff0610-0x3fff2962]
[    0.000000] ACPI: Reserving FACS table memory at [mem 0x3fff0200-0x3fff023f]
[    0.000000] ACPI: Reserving FACS table memory at [mem 0x3fff0200-0x3fff023f]
[    0.000000] ACPI: Reserving APIC table memory at [mem 0x3fff0240-0x3fff029b]
[    0.000000] ACPI: Reserving SSDT table memory at [mem 0x3fff02a0-0x3fff060b]
[    0.000000] No NUMA configuration found
[    0.000000] Faking a node at [mem 0x0000000000000000-0x000000003ffeffff]
[    0.000000] NODE_DATA(0) allocated [mem 0x3ffc5000-0x3ffeffff]
[    0.000000] kvm-clock: cpu 0, msr 0:3ff44001, primary cpu clock
[    0.000000] kvm-clock: Using msrs 4b564d01 and 4b564d00
[    0.000000] kvm-clock: using sched offset of 5893060655 cycles
[    0.000000] clocksource: kvm-clock: mask: 0xffffffffffffffff max_cycles: 0x1cd42e4dffb, max_idle_ns: 881590591483 ns
[    0.000000] Zone ranges:
[    0.000000]   DMA      [mem 0x0000000000001000-0x0000000000ffffff]
[    0.000000]   DMA32    [mem 0x0000000001000000-0x000000003ffeffff]
[    0.000000]   Normal   empty
[    0.000000]   Device   empty
[    0.000000] Movable zone start for each node
[    0.000000] Early memory node ranges
[    0.000000]   node   0: [mem 0x0000000000001000-0x000000000009efff]
[    0.000000]   node   0: [mem 0x0000000000100000-0x000000003ffeffff]
[    0.000000] Reserved but unavailable: 104 pages
[    0.000000] Initmem setup node 0 [mem 0x0000000000001000-0x000000003ffeffff]
[    0.000000] ACPI: PM-Timer IO Port: 0x4008
[    0.000000] IOAPIC[0]: apic_id 2, version 32, address 0xfec00000, GSI 0-23
[    0.000000] ACPI: INT_SRC_OVR (bus 0 bus_irq 0 global_irq 2 dfl dfl)
[    0.000000] ACPI: INT_SRC_OVR (bus 0 bus_irq 9 global_irq 9 low level)
[    0.000000] Using ACPI (MADT) for SMP configuration information
[    0.000000] smpboot: Allowing 2 CPUs, 0 hotplug CPUs
[    0.000000] PM: Registered nosave memory: [mem 0x00000000-0x00000fff]
[    0.000000] PM: Registered nosave memory: [mem 0x0009f000-0x0009ffff]
[    0.000000] PM: Registered nosave memory: [mem 0x000a0000-0x000effff]
[    0.000000] PM: Registered nosave memory: [mem 0x000f0000-0x000fffff]
[    0.000000] e820: [mem 0x40000000-0xfebfffff] available for PCI devices
[    0.000000] Booting paravirtualized kernel on KVM
[    0.000000] clocksource: refined-jiffies: mask: 0xffffffff max_cycles: 0xffffffff, max_idle_ns: 7645519600211568 ns
[    0.000000] setup_percpu: NR_CPUS:8192 nr_cpumask_bits:2 nr_cpu_ids:2 nr_node_ids:1
[    0.000000] percpu: Embedded 50 pages/cpu s167936 r8192 d28672 u1048576
[    0.000000] PV qspinlock hash table entries: 256 (order: 0, 4096 bytes)
[    0.000000] Built 1 zonelists, mobility grouping on.  Total pages: 257913
[    0.000000] Policy zone: DMA32
[    0.000000] Kernel command line: BOOT_IMAGE=/boot/vmlinuz-4.15.0-212-generic root=LABEL=cloudimg-rootfs ro console=tty1 console=ttyS0
[    0.000000] Memory: 982644K/1048120K available (12300K kernel code, 2477K rwdata, 4324K rodata, 2480K init, 2720K bss, 65476K reserved, 0K cma-reserved)
[    0.000000] SLUB: HWalign=64, Order=0-3, MinObjects=0, CPUs=2, Nodes=1
[    0.000000] Kernel/User page tables isolation: enabled
[    0.000000] ftrace: allocating 39508 entries in 155 pages
[    0.004000] Hierarchical RCU implementation.
[    0.004000] 	RCU restricting CPUs from NR_CPUS=8192 to nr_cpu_ids=2.
[    0.004000] 	Tasks RCU enabled.
[    0.004000] RCU: Adjusting geometry for rcu_fanout_leaf=16, nr_cpu_ids=2
[    0.004000] NR_IRQS: 524544, nr_irqs: 440, preallocated irqs: 16
[    0.004000] random: crng init done
[    0.004000] Console: colour VGA+ 80x25
[    0.004000] console [tty1] enabled
[    0.004000] console [ttyS0] enabled
[    0.004000] ACPI: Core revision 20170831
[    0.004000] ACPI: 2 ACPI AML tables successfully acquired and loaded
[    0.004000] APIC: Switch to symmetric I/O mode setup
[    0.004000] ..TIMER: vector=0x30 apic1=0 pin1=2 apic2=-1 pin2=-1
[    0.004008] tsc: Detected 2294.688 MHz processor
[    0.008026] Calibrating delay loop (skipped) preset value.. 4589.37 BogoMIPS (lpj=9178752)
[    0.012018] pid_max: default: 32768 minimum: 301
[    0.016169] Security Framework initialized
[    0.020017] Yama: becoming mindful.
[    0.024216] AppArmor: AppArmor initialized
[    0.041784] Dentry cache hash table entries: 131072 (order: 8, 1048576 bytes)
[    0.051246] Inode-cache hash table entries: 65536 (order: 7, 524288 bytes)
[    0.052213] Mount-cache hash table entries: 2048 (order: 2, 16384 bytes)
[    0.060047] Mountpoint-cache hash table entries: 2048 (order: 2, 16384 bytes)
[    0.073113] Last level iTLB entries: 4KB 64, 2MB 8, 4MB 8
[    0.076006] Last level dTLB entries: 4KB 64, 2MB 0, 4MB 0, 1GB 4
[    0.080009] Spectre V1 : Mitigation: usercopy/swapgs barriers and __user pointer sanitization
[    0.084007] Spectre V2 : Mitigation: Retpolines
[    0.088017] Spectre V2 : Spectre v2 / SpectreRSB mitigation: Filling RSB on context switch
[    0.092005] Spectre V2 : Spectre v2 / SpectreRSB : Filling RSB on VMEXIT
[    0.096008] Speculative Store Bypass: Vulnerable
[    0.100101] MDS: Mitigation: Clear CPU buffers
[    0.104018] MMIO Stale Data: Unknown: No mitigations
[    0.108008] SRBDS: Unknown: Dependent on hypervisor status
[    0.112397] Freeing SMP alternatives memory: 36K
[    0.228708] APIC calibration not consistent with PM-Timer: 98ms instead of 100ms
[    0.232000] APIC delta adjusted to PM-Timer: 6235847 (6171408)
[    0.233069] smpboot: CPU0: Intel(R) Core(TM) i5-5300U CPU @ 2.30GHz (family: 0x6, model: 0x3d, stepping: 0x4)
[    0.236000] Performance Events: unsupported p6 CPU model 61 no PMU driver, software events only.
[    0.236000] Hierarchical SRCU implementation.
[    0.241845] NMI watchdog: Perf event create on CPU 0 failed with -2
[    0.248008] NMI watchdog: Perf NMI watchdog permanently disabled
[    0.256981] smp: Bringing up secondary CPUs ...
[    0.264665] x86: Booting SMP configuration:
[    0.272009] .... node  #0, CPUs:      #1
[    0.004000] kvm-clock: cpu 1, msr 0:3ff44041, secondary cpu clock
[    0.315108] TSC synchronization [CPU#0 -> CPU#1]:
[    0.316000] Measured 120818 cycles TSC warp between CPUs, turning off TSC clock.
[    0.316000] tsc: Marking TSC unstable due to check_tsc_sync_source failed
[    0.320647] smp: Brought up 1 node, 2 CPUs
[    0.324011] smpboot: Max logical packages: 1
[    0.332010] smpboot: Total of 2 processors activated (9178.75 BogoMIPS)
[    0.344203] devtmpfs: initialized
[    0.348253] x86/mm: Memory block size: 128MB
[    0.353016] evm: security.selinux
[    0.356005] evm: security.SMACK64
[    0.360006] evm: security.SMACK64EXEC
[    0.364006] evm: security.SMACK64TRANSMUTE
[    0.368017] evm: security.SMACK64MMAP
[    0.372005] evm: security.apparmor
[    0.376006] evm: security.ima
[    0.380005] evm: security.capability
[    0.388319] clocksource: jiffies: mask: 0xffffffff max_cycles: 0xffffffff, max_idle_ns: 7645041785100000 ns
[    0.432021] futex hash table entries: 512 (order: 3, 32768 bytes)
[    0.436595] pinctrl core: initialized pinctrl subsystem
[    0.444904] RTC time: 23:02:40, date: 06/25/24
[    0.452177] NET: Registered protocol family 16
[    0.456369] audit: initializing netlink subsys (disabled)
[    0.460765] audit: type=2000 audit(1719356566.209:1): state=initialized audit_enabled=0 res=1
[    0.496035] cpuidle: using governor ladder
[    0.500038] cpuidle: using governor menu
[    0.504102] ACPI: bus type PCI registered
[    0.508011] acpiphp: ACPI Hot Plug PCI Controller Driver version: 0.5
[    0.516148] PCI: Using configuration type 1 for base access
[    0.536311] HugeTLB registered 2.00 MiB page size, pre-allocated 0 pages
[    0.548473] ACPI: Added _OSI(Module Device)
[    0.552010] ACPI: Added _OSI(Processor Device)
[    0.556008] ACPI: Added _OSI(3.0 _SCP Extensions)
[    0.560009] ACPI: Added _OSI(Processor Aggregator Device)
[    0.564021] ACPI: Added _OSI(Linux-Dell-Video)
[    0.568008] ACPI: Added _OSI(Linux-Lenovo-NV-HDMI-Audio)
[    0.572010] ACPI: Added _OSI(Linux-HPI-Hybrid-Graphics)
[    0.578384] ACPI: Executed 1 blocks of module-level executable AML code
[    0.591238] ACPI: Interpreter enabled
[    0.592025] ACPI: (supports S0 S5)
[    0.596007] ACPI: Using IOAPIC for interrupt routing
[    0.604152] PCI: Using host bridge windows from ACPI; if necessary, use "pci=nocrs" and report a bug
[    0.608673] ACPI: Enabled 2 GPEs in block 00 to 07
[    0.649376] ACPI: PCI Root Bridge [PCI0] (domain 0000 [bus 00-ff])
[    0.652017] acpi PNP0A03:00: _OSC: OS supports [ASPM ClockPM Segments MSI]
[    0.658298] acpi PNP0A03:00: _OSC: not requesting OS control; OS requires [ExtendedConfig ASPM ClockPM MSI]
[    0.660102] acpi PNP0A03:00: fail to add MMCONFIG information, can't access extended PCI configuration space under this bridge.
[    0.670120] PCI host bridge to bus 0000:00
[    0.672012] pci_bus 0000:00: root bus resource [io  0x0000-0x0cf7 window]
[    0.676011] pci_bus 0000:00: root bus resource [io  0x0d00-0xffff window]
[    0.680011] pci_bus 0000:00: root bus resource [mem 0x000a0000-0x000bffff window]
[    0.684011] pci_bus 0000:00: root bus resource [mem 0x40000000-0xfdffffff window]
[    0.688024] pci_bus 0000:00: root bus resource [bus 00-ff]
[    0.709231] pci 0000:00:01.1: legacy IDE quirk: reg 0x10: [io  0x01f0-0x01f7]
[    0.712020] pci 0000:00:01.1: legacy IDE quirk: reg 0x14: [io  0x03f6]
[    0.716010] pci 0000:00:01.1: legacy IDE quirk: reg 0x18: [io  0x0170-0x0177]
[    0.720020] pci 0000:00:01.1: legacy IDE quirk: reg 0x1c: [io  0x0376]
[    0.798809] pci 0000:00:07.0: quirk: [io  0x4000-0x403f] claimed by PIIX4 ACPI
[    0.800117] pci 0000:00:07.0: quirk: [io  0x4100-0x410f] claimed by PIIX4 SMB
[    0.831757] ACPI: PCI Interrupt Link [LNKA] (IRQs 5 9 10 *11)
[    0.836771] ACPI: PCI Interrupt Link [LNKB] (IRQs 5 9 *10 11)
[    0.840655] ACPI: PCI Interrupt Link [LNKC] (IRQs 5 *9 10 11)
[    0.844598] ACPI: PCI Interrupt Link [LNKD] (IRQs 5 9 10 *11)
[    0.853104] SCSI subsystem initialized
[    0.856716] pci 0000:00:02.0: vgaarb: setting as boot VGA device
[    0.860000] pci 0000:00:02.0: vgaarb: VGA device added: decodes=io+mem,owns=io+mem,locks=none
[    0.860024] pci 0000:00:02.0: vgaarb: bridge control possible
[    0.864006] vgaarb: loaded
[    0.868124] ACPI: bus type USB registered
[    0.872153] usbcore: registered new interface driver usbfs
[    0.876044] usbcore: registered new interface driver hub
[    0.884078] usbcore: registered new device driver usb
[    0.888622] EDAC MC: Ver: 3.0.0
[    0.900677] PCI: Using ACPI for IRQ routing
[    0.909963] NetLabel: Initializing
[    0.912006] NetLabel:  domain hash size = 128
[    0.916006] NetLabel:  protocols = UNLABELED CIPSOv4 CALIPSO
[    0.920049] NetLabel:  unlabeled traffic allowed by default
[    0.928761] clocksource: Switched to clocksource kvm-clock
[    1.079861] VFS: Disk quotas dquot_6.6.0
[    1.093666] VFS: Dquot-cache hash table entries: 512 (order 0, 4096 bytes)
[    1.115747] AppArmor: AppArmor Filesystem Enabled
[    1.130975] pnp: PnP ACPI init
[    1.148671] pnp: PnP ACPI: found 3 devices
[    1.176659] clocksource: acpi_pm: mask: 0xffffff max_cycles: 0xffffff, max_idle_ns: 2085701024 ns
[    1.202834] NET: Registered protocol family 2
[    1.216043] IP idents hash table entries: 16384 (order: 5, 131072 bytes)
[    1.234090] TCP established hash table entries: 8192 (order: 4, 65536 bytes)
[    1.252972] TCP bind hash table entries: 8192 (order: 5, 131072 bytes)
[    1.270198] TCP: Hash tables configured (established 8192 bind 8192)
[    1.287981] UDP hash table entries: 512 (order: 2, 16384 bytes)
[    1.303589] UDP-Lite hash table entries: 512 (order: 2, 16384 bytes)
[    1.320498] NET: Registered protocol family 1
[    1.332220] pci 0000:00:00.0: Limiting direct PCI/PCI transfers
[    1.349997] pci 0000:00:01.0: Activating ISA DMA hang workarounds
[    1.367454] pci 0000:00:02.0: Video device with shadowed ROM at [mem 0x000c0000-0x000dffff]
[    1.389302] Unpacking initramfs...
[    2.724849] Freeing initrd memory: 19528K
[    2.740618] clocksource: tsc: mask: 0xffffffffffffffff max_cycles: 0x21139aef754, max_idle_ns: 440795211890 ns
[    2.765594] platform rtc_cmos: registered platform RTC device (no PNP device found)
[    2.785317] Scanning for low memory corruption every 60 seconds
[    2.804809] Initialise system trusted keyrings
[    2.818025] Key type blacklist registered
[    2.831168] workingset: timestamp_bits=36 max_order=18 bucket_order=0
[    2.852588] zbud: loaded
[    2.867138] squashfs: version 4.0 (2009/01/31) Phillip Lougher
[    2.885061] fuse init (API version 7.26)
[    2.953521] Key type asymmetric registered
[    2.964805] Asymmetric key parser 'x509' registered
[    2.978095] Block layer SCSI generic (bsg) driver version 0.4 loaded (major 246)
[    2.998303] io scheduler noop registered
[    3.010312] io scheduler deadline registered
[    3.023253] io scheduler cfq registered (default)
[    3.038977] ACPI: AC Adapter [AC] (on-line)
[    3.050877] input: Power Button as /devices/LNXSYSTM:00/LNXPWRBN:00/input/input0
[    3.073050] ACPI: Power Button [PWRF]
[    3.083750] input: Sleep Button as /devices/LNXSYSTM:00/LNXSLPBN:00/input/input1
[    3.103216] ACPI: Sleep Button [SLPF]
[    3.116738] Serial: 8250/16550 driver, 32 ports, IRQ sharing enabled
[    3.194339] 00:02: ttyS0 at I/O 0x3f8 (irq = 4, base_baud = 115200) is a 16550A
[    3.218906] Linux agpgart interface v0.103
[    3.263544] loop: module loaded
[    3.280289] scsi host0: ata_piix
[    3.291611] scsi host1: ata_piix
[    3.301749] ata1: PATA max UDMA/33 cmd 0x1f0 ctl 0x3f6 bmdma 0xd000 irq 14
[    3.318974] ata2: PATA max UDMA/33 cmd 0x170 ctl 0x376 bmdma 0xd008 irq 15
[    3.339197] tun: Universal TUN/TAP device driver, 1.6
[    3.353426] PPP generic driver version 2.4.2
[    3.366640] ehci_hcd: USB 2.0 'Enhanced' Host Controller (EHCI) Driver
[    3.387289] ehci-pci: EHCI PCI platform driver
[    3.401953] ehci-platform: EHCI generic platform driver
[    3.425934] ohci_hcd: USB 1.1 'Open' Host Controller (OHCI) Driver
[    3.444182] ohci-pci: OHCI PCI platform driver
[    3.457605] ohci-platform: OHCI generic platform driver
[    3.471811] uhci_hcd: USB Universal Host Controller Interface driver
[    3.490552] i8042: PNP: PS/2 Controller [PNP0303:PS2K,PNP0f03:PS2M] at 0x60,0x64 irq 1,12
[    3.536002] serio: i8042 KBD port at 0x60,0x64 irq 1
[    3.551940] serio: i8042 AUX port at 0x60,0x64 irq 12
[    3.580726] mousedev: PS/2 mouse device common for all mice
[    3.603174] input: AT Translated Set 2 keyboard as /devices/platform/i8042/serio0/input/input2
[    3.635750] rtc_cmos rtc_cmos: rtc core: registered rtc_cmos as rtc0
[    3.655219] rtc_cmos rtc_cmos: alarms up to one day, 114 bytes nvram
[    3.674918] i2c /dev entries driver
[    3.685517] device-mapper: uevent: version 1.0.3
[    3.698722] device-mapper: ioctl: 4.37.0-ioctl (2017-09-20) initialised: dm-devel@redhat.com
[    3.719932] ledtrig-cpu: registered to indicate activity on CPUs
[    3.741819] NET: Registered protocol family 10
[    3.782205] Segment Routing with IPv6
[    3.792365] NET: Registered protocol family 17
[    3.805615] Key type dns_resolver registered
[    3.818791] mce: Using 0 MCE banks
[    3.827583] RAS: Correctable Errors collector initialized.
[    3.842118] sched_clock: Marking stable (3841538651, 0)->(6614814192, -2773275541)
[    3.875750] registered taskstats version 1
[    3.886313] Loading compiled-in X.509 certificates
[    3.913860] Loaded X.509 cert 'Build time autogenerated kernel key: b5b26778eaa3ab3a4a6cee031137706e947d12ad'
[    3.938786] Loaded X.509 cert 'Canonical Ltd. Live Patch Signing: 14df34d1a87cf37625abec039ef2bf521249b969'
[    3.963281] Loaded X.509 cert 'Canonical Ltd. Kernel Module Signing: 88f752e560a1e0737e31163a466ad7b70a850c19'
[    3.986850] blacklist: Loading compiled-in revocation X.509 certificates
[    4.002725] Loaded X.509 cert 'Canonical Ltd. Secure Boot Signing: 61482aa2830d0ab2ad5af10b7250da9033ddcef0'
[    4.026749] Loaded X.509 cert 'Canonical Ltd. Secure Boot Signing (2017): 242ade75ac4a15e50d50c84b0d45ff3eae707a03'
[    4.051888] Loaded X.509 cert 'Canonical Ltd. Secure Boot Signing (ESM 2018): 365188c1d374d6b07c3c8f240f8ef722433d6a8b'
[    4.081309] Loaded X.509 cert 'Canonical Ltd. Secure Boot Signing (2019): c0746fd6c5da3ae827864651ad66ae47fe24b3e8'
[    4.108588] Loaded X.509 cert 'Canonical Ltd. Secure Boot Signing (2021 v1): a8d54bbb3825cfb94fa13c9f8a594a195c107b8d'
[    4.137436] Loaded X.509 cert 'Canonical Ltd. Secure Boot Signing (2021 v2): 4cf046892d6fd3c9a5b03f98d845f90851dc6a8c'
[    4.163806] Loaded X.509 cert 'Canonical Ltd. Secure Boot Signing (2021 v3): 100437bb6de6e469b581e61cd66bce3ef4ed53af'
[    4.189382] Loaded X.509 cert 'Canonical Ltd. Secure Boot Signing (Ubuntu Core 2019): c1d57b8f6b743f23ee41f4f7ee292f06eecadfb9'
[    4.216665] zswap: loaded using pool lzo/zbud
[    4.263391] Key type big_key registered
[    4.273679] Key type trusted registered
[    4.298326] Key type encrypted registered
[    4.309127] AppArmor: AppArmor sha1 policy hashing enabled
[    4.322959] ima: No TPM chip found, activating TPM-bypass! (rc=-19)
[    4.338401] ima: Allocated hash algorithm: sha1
[    4.350362] evm: HMAC attrs: 0x1
[    4.361395]   Magic number: 12:282:50
[    4.372441] platform platform-framebuffer.0: hash matches
[    4.392811] rtc_cmos rtc_cmos: setting system clock to 2024-06-25 23:02:45 UTC (1719356565)
[    4.415306] BIOS EDD facility v0.16 2004-Jun-25, 0 devices found
[    4.430600] EDD information not available.
[    4.450265] Freeing unused kernel image memory: 2480K
[    4.477370] Write protecting the kernel read-only data: 20480k
[    4.494817] Freeing unused kernel image memory: 2008K
[    4.508327] Freeing unused kernel image memory: 1820K
[    4.533107] x86/mm: Checked W+X mappings: passed, no W+X pages found.
[    4.549406] x86/mm: Checking user space page tables
[    4.583577] x86/mm: Checked W+X mappings: passed, no W+X pages found.
Loading, please wait...
starting version 237
[    4.926228] e1000: Intel(R) PRO/1000 Network Driver - version 7.3.21-k8-NAPI
[    4.947221] e1000: Copyright (c) 1999-2006 Intel Corporation.
[    4.977897] Fusion MPT base driver 3.04.20
[    4.991293] Copyright (c) 1999-2008 LSI Corporation
[    5.107379] SSE version of gcm_enc/dec engaged.
[    5.159307] Fusion MPT SPI Host driver 3.04.20
[    5.329477] input: ImExPS/2 Generic Explorer Mouse as /devices/platform/i8042/serio1/input/input4
[    6.518955] e1000 0000:00:03.0 eth0: (PCI:33MHz:32-bit) 02:3b:7b:b7:3b:2d
[    6.536286] e1000 0000:00:03.0 eth0: Intel(R) PRO/1000 Network Connection
[    6.559352] mptbase: ioc0: Initiating bringup
[    6.719828] ioc0: LSI53C1030 A0: Capabilities={Initiator}
[    7.038406] scsi host2: ioc0: LSI53C1030 A0, FwRev=00000000h, Ports=1, MaxQ=256, IRQ=20
[    7.238315] scsi 2:0:0:0: Direct-Access     VBOX     HARDDISK         1.0  PQ: 0 ANSI: 5
[    7.430371] scsi target2:0:0: Beginning Domain Validation
[    7.630937] scsi target2:0:0: Domain Validation skipping write tests
[    7.650339] scsi target2:0:0: Ending Domain Validation
[    7.665838] scsi target2:0:0: asynchronous
[    7.682645] scsi 2:0:1:0: Direct-Access     VBOX     HARDDISK         1.0  PQ: 0 ANSI: 5
[    7.972466] scsi target2:0:1: Beginning Domain Validation
[    8.006706] scsi target2:0:1: Domain Validation skipping write tests
[    8.026070] scsi target2:0:1: Ending Domain Validation
[    8.055338] scsi target2:0:1: asynchronous
[    8.124165] sd 2:0:0:0: [sda] 83886080 512-byte logical blocks: (42.9 GB/40.0 GiB)
[    8.152914] sd 2:0:0:0: Attached scsi generic sg0 type 0
[    8.174241] sd 2:0:1:0: Attached scsi generic sg1 type 0
[    8.207377] sd 2:0:0:0: [sda] Write Protect is off
[    8.231669] sd 2:0:1:0: [sdb] 20480 512-byte logical blocks: (10.5 MB/10.0 MiB)
[    8.258407] sd 2:0:0:0: [sda] Incomplete mode parameter data
[    8.277473] sd 2:0:0:0: [sda] Assuming drive cache: write through
[    8.301635] sd 2:0:1:0: [sdb] Write Protect is off
[    8.331837] sd 2:0:1:0: [sdb] Incomplete mode parameter data
[    8.352802] sd 2:0:1:0: [sdb] Assuming drive cache: write through
[    8.376948]  sda: sda1
[    8.395896] sd 2:0:0:0: [sda] Attached SCSI disk
[    8.434702] sd 2:0:1:0: [sdb] Attached SCSI disk
[    8.908748] e1000 0000:00:08.0 eth1: (PCI:33MHz:32-bit) 08:00:27:d2:4d:05
[    8.926603] e1000 0000:00:08.0 eth1: Intel(R) PRO/1000 Network Connection
[    8.952653] e1000 0000:00:08.0 enp0s8: renamed from eth1
[    8.994869] e1000 0000:00:03.0 enp0s3: renamed from eth0
Begin: Loading essential drivers ... [   13.188451] raid6: sse2x1   gen()  4440 MB/s
[   13.249783] raid6: sse2x1   xor()  2955 MB/s
[   13.308378] raid6: sse2x2   gen()  4987 MB/s
[   13.364806] raid6: sse2x2   xor()  3241 MB/s
[   13.420742] raid6: sse2x4   gen()  6354 MB/s
[   13.476286] raid6: sse2x4   xor()  2934 MB/s
[   13.487623] raid6: using algorithm sse2x4 gen() 6354 MB/s
[   13.504463] raid6: .... xor() 2934 MB/s, rmw enabled
[   13.516601] raid6: using ssse3x2 recovery algorithm
[   13.537059] xor: measuring software checksum speed
[   14.573323]    prefetch64-sse: -2100168.-296 MB/sec
[   18.574423]    generic_sse: 2082166.000 MB/sec
[   18.589705] xor: using function: generic_sse (2082166.000 MB/sec)
[   18.614383] async_tx: api initialized (async)
done.
Begin: Running /scripts/init-premount ... done.
Begin: Mounting root file system ... Begin: Running /scripts/local-top ... done.
Begin: Running /scripts/local-premount ... [   18.803632] Btrfs loaded, crc32c=crc32c-intel
Scanning for Btrfs filesystems
done.
Warning: fsck not present, so skipping root file system
[   18.962068] EXT4-fs (sda1): mounted filesystem with ordered data mode. Opts: (null)
done.
Begin: Running /scripts/local-bottom ... done.
Begin: Running /scripts/init-bottom ... done.
[   19.553802] ip_tables: (C) 2000-2006 Netfilter Core Team
[   19.619540] systemd[1]: systemd 237 running in system mode. (+PAM +AUDIT +SELINUX +IMA +APPARMOR +SMACK +SYSVINIT +UTMP +LIBCRYPTSETUP +GCRYPT +GNUTLS +ACL +XZ +LZ4 +SECCOMP +BLKID +ELFUTILS +KMOD -IDN2 +IDN -PCRE2 default-hierarchy=hybrid)
[   19.689068] systemd[1]: Detected virtualization oracle.
[   19.703019] systemd[1]: Detected architecture x86-64.

Welcome to [1mUbuntu 18.04.6 LTS[0m!

[   19.808455] systemd[1]: Set hostname to <ubuntu>.
[   19.836728] systemd[1]: Initializing machine ID from random generator.
[   19.851563] systemd[1]: Installed transient /etc/machine-id file.
[   21.276127] systemd[1]: Created slice User and Session Slice.
[[0;32m  OK  [0m] Created slice User and Session Slice.
[   21.304716] systemd[1]: Started Forward Password Requests to Wall Directory Watch.
[[0;32m  OK  [0m] Started Forward Password Requests to Wall Directory Watch.
[   21.339684] systemd[1]: Reached target Swap.
[[0;32m  OK  [0m] Reached target Swap.
[   21.366391] systemd[1]: Created slice System Slice.
[[0;32m  OK  [0m] Created slice System Slice.
[[0;32m  OK  [0m] Listening on Network Service Netlink Socket.
[[0;32m  OK  [0m] Created slice system-serial\x2dgetty.slice.
[[0;32m  OK  [0m] Listening on fsck to fsckd communication Socket.
[[0;32m  OK  [0m] Listening on LVM2 poll daemon socket.
[[0;32m  OK  [0m] Reached target Slices.
[[0;32m  OK  [0m] Reached target Mounting snaps.
[[0;32m  OK  [0m] Reached target Mounted snaps.
[[0;32m  OK  [0m] Listening on Journal Socket.
         Starting Uncomplicated firewall...
         Starting File System Check on Root Device...
         Starting Load Kernel Modules...
[[0;32m  OK  [0m] Listening on Syslog Socket.
         Mounting Huge Pages File System...
[[0;32m  OK  [0m] Set up automount Arbitrary Executab…rmats File System Automount Point.[   21.600166] Loading iSCSI transport class v2.0-870.

[[0;32m  OK  [0m] Listening on udev Control Socket.
[[0;32m  OK  [0m] Listening on Device-mapper event daemon FIFOs.
[[0;32m  OK  [0m] Reached target User and Group Name Lookups.
[   21.671972] iscsi: registered transport (tcp)
[[0;32m  OK  [0m] Reached target System Time Synchronized.
         Starting Set the console keyboard layout...
         Starting Create list of required st…ce nodes for the current kernel...
[[0;32m  OK  [0m] Listening on udev Kernel Socket.
         Starting udev Coldplug all Devices...
[[0;32m  OK  [0m] Listening on /dev/initctl Compatibility Named Pipe.
[[0;32m  OK  [0m] Listening on Journal Audit Socket.
         Mounting Kernel Debug File System...
         Mounting POSIX Message Queue File System...
[[0;32m  OK  [0m] Listening on Journal Socket (/dev/log).
         Starting Journal Service...
[   21.905998] iscsi: registered transport (iser)
[[0;32m  OK  [0m] Listening on LVM2 metadata daemon socket.
         Starting Monitoring of LVM2 mirrors…ng dmeventd or progress polling...
[[0;32m  OK  [0m] Started Uncomplicated firewall.
[[0;32m  OK  [0m] Started File System Check on Root Device.
[[0;32m  OK  [0m] Started Load Kernel Modules.
[[0;32m  OK  [0m] Mounted Huge Pages File System.
[[0;32m  OK  [0m] Started Create list of required sta…vice nodes for the current kernel.
[[0;32m  OK  [0m] Mounted Kernel Debug File System.
[[0;32m  OK  [0m] Mounted POSIX Message Queue File System.
[[0;32m  OK  [0m] Started File System Check Daemon to report status.
         Starting Create Static Device Nodes in /dev...
         Starting Apply Kernel Variables...
         Mounting FUSE Control File System...
         Mounting Kernel Configuration File System...
         Starting Remount Root and Kernel File Systems...
[[0;32m  OK  [0m] Mounted FUSE Control File System.
[[0;32m  OK  [0m] Mounted Kernel Configuration File System.
[[0;32m  OK  [0m] Started LVM2 metadata daemon.
[[0;32m  OK  [0m] Started Remount Root and Kernel File Systems.
[[0;32m  OK  [0m] Started Apply Kernel Variables.
         Starting Load/Save Random Seed...
[[0;32m  OK  [0m] Started udev Coldplug all Devices.
[[0;32m  OK  [0m] Started Create Static Device Nodes in /dev.
[[0;32m  OK  [0m] Started Journal Service.
         Starting Flush Journal to Persistent Storage...
         Starting udev Kernel Device Manager...
[[0;32m  OK  [0m] Started Load/Save Random Seed.
[[0;32m  OK  [0m] Started Monitoring of LVM2 mirrors,…sing dmeventd or progress polling.
[[0;32m  OK  [0m] Started Flush Journal to Persistent Storage.
[[0;32m  OK  [0m] Started udev Kernel Device Manager.
[[0;32m  OK  [0m] Found device /dev/ttyS0.
[[0;32m  OK  [0m] Listening on Load/Save RF Kill Switch Status /dev/rfkill Watch.
[[0;32m  OK  [0m] Started Set the console keyboard layout.
[[0;32m  OK  [0m] Started Dispatch Password Requests to Console Directory Watch.
[[0;32m  OK  [0m] Reached target Local Encrypted Volumes.
[[0;32m  OK  [0m] Reached target Local File Systems (Pre).
[[0;32m  OK  [0m] Reached target Local File Systems.
         Starting ebtables ruleset management...
         Starting Commit a transient machine-id on disk...
         Starting AppArmor initialization...
         Starting Tell Plymouth To Write Out Runtime Data...
         Starting Create Volatile Files and Directories...
         Starting Set console font and keymap...
[[0;32m  OK  [0m] Started Tell Plymouth To Write Out Runtime Data.
[[0;32m  OK  [0m] Started Commit a transient machine-id on disk.
[[0;32m  OK  [0m] Started Create Volatile Files and Directories.
         Starting Update UTMP about System Boot/Shutdown...
[[0;32m  OK  [0m] Started Update UTMP about System Boot/Shutdown.
[[0;32m  OK  [0m] Started ebtables ruleset management.
         Mounting Arbitrary Executable File Formats File System...
[[0;32m  OK  [0m] Mounted Arbitrary Executable File Formats File System.
[[0;32m  OK  [0m] Started AppArmor initialization.
         Starting Load AppArmor profiles managed internally by snapd...
         Starting Initial cloud-init job (pre-networking)...
[[0;32m  OK  [0m] Started Load AppArmor profiles managed internally by snapd.
[[0;32m  OK  [0m] Started Set console font and keymap.
[   35.442840] cloud-init[769]: Cloud-init v. 23.1.2-0ubuntu0~18.04.1 running 'init-local' at Tue, 25 Jun 2024 23:03:15 +0000. Up 34.42 seconds.
[[0;32m  OK  [0m] Started Initial cloud-init job (pre-networking).
[[0;32m  OK  [0m] Reached target Network (Pre).
         Starting Network Service...
[[0;32m  OK  [0m] Started Network Service.
         Starting Wait for Network to be Configured...
         Starting Network Name Resolution...
[[0;32m  OK  [0m] Started Network Name Resolution.
[[0;32m  OK  [0m] Reached target Host and Network Name Lookups.
[[0;32m  OK  [0m] Reached target Network.
[[0;32m  OK  [0m] Started Wait for Network to be Configured.
         Starting Initial cloud-init job (metadata service crawler)...
[   38.618441] cloud-init[897]: Cloud-init v. 23.1.2-0ubuntu0~18.04.1 running 'init' at Tue, 25 Jun 2024 23:03:19 +0000. Up 38.05 seconds.
[   38.641409] cloud-init[897]: ci-info: ++++++++++++++++++++++++++++++++++++++Net device info+++++++++++++++++++++++++++++++++++++++
[   38.665915] cloud-init[897]: ci-info: +--------+-------+----------------------------+---------------+--------+-------------------+
[   38.680573] cloud-init[897]: ci-info: | Device |   Up  |          Address           |      Mask     | Scope  |     Hw-Address    |
[   38.701500] cloud-init[897]: ci-info: +--------+-------+----------------------------+---------------+--------+-------------------+
[   38.716936] cloud-init[897]: ci-info: | enp0s3 |  True |         10.0.2.15          | 255.255.255.0 | global | 02:3b:7b:b7:3b:2d |
[   38.733627] cloud-init[897]: ci-info: | enp0s3 |  True | fe80::3b:7bff:feb7:3b2d/64 |       .       |  link  | 02:3b:7b:b7:3b:2d |
[   38.749714] cloud-init[897]: ci-info: | enp0s8 | False |             .              |       .       |   .    | 08:00:27:d2:4d:05 |
[   38.766133] cloud-init[897]: ci-info: |   lo   |  True |         127.0.0.1          |   255.0.0.0   |  host  |         .         |
[   38.782273] cloud-init[897]: ci-info: |   lo   |  True |          ::1/128           |       .       |  host  |         .         |
[   38.811090] cloud-init[897]: ci-info: +--------+-------+----------------------------+---------------+--------+-------------------+
[   38.837168] cloud-init[897]: ci-info: ++++++++++++++++++++++++++++Route IPv4 info+++++++++++++++++++++++++++++
[   38.867296] cloud-init[897]: ci-info: +-------+-------------+----------+-----------------+-----------+-------+
[   38.890414] cloud-init[897]: ci-info: | Route | Destination | Gateway  |     Genmask     | Interface | Flags |
[   38.903207] cloud-init[897]: ci-info: +-------+-------------+----------+-----------------+-----------+-------+
[   38.915582] cloud-init[897]: ci-info: |   0   |   0.0.0.0   | 10.0.2.2 |     0.0.0.0     |   enp0s3  |   UG  |
[   38.932315] cloud-init[897]: ci-info: |   1   |   10.0.2.0  | 0.0.0.0  |  255.255.255.0  |   enp0s3  |   U   |
[   38.945536] cloud-init[897]: ci-info: |   2   |   10.0.2.2  | 0.0.0.0  | 255.255.255.255 |   enp0s3  |   UH  |
[   38.959528] cloud-init[897]: ci-info: +-------+-------------+----------+-----------------+-----------+-------+
[   38.973551] cloud-init[897]: ci-info: +++++++++++++++++++Route IPv6 info+++++++++++++++++++
[   38.985308] cloud-init[897]: ci-info: +-------+-------------+---------+-----------+-------+
[   38.996590] cloud-init[897]: ci-info: | Route | Destination | Gateway | Interface | Flags |
[   39.006661] cloud-init[897]: ci-info: +-------+-------------+---------+-----------+-------+
[   39.018628] cloud-init[897]: ci-info: |   1   |  fe80::/64  |    ::   |   enp0s3  |   U   |
[   39.029951] cloud-init[897]: ci-info: |   3   |    local    |    ::   |   enp0s3  |   U   |
[   39.041889] cloud-init[897]: ci-info: |   4   |   ff00::/8  |    ::   |   enp0s3  |   U   |
[   39.058165] cloud-init[897]: ci-info: +-------+-------------+---------+-----------+-------+
[   42.269892] cloud-init[897]: Generating public/private rsa key pair.
[   42.306468] cloud-init[897]: Your identification has been saved in /etc/ssh/ssh_host_rsa_key.
[   42.317409] cloud-init[897]: Your public key has been saved in /etc/ssh/ssh_host_rsa_key.pub.
[   42.334063] cloud-init[897]: The key fingerprint is:
[   42.343053] cloud-init[897]: SHA256:i+5kTNL2Sqb4yCeLFb95ugKqeTvRC/sseX9oNuemdl0 root@ubuntu-bionic
[   42.354955] cloud-init[897]: The key's randomart image is:
[   42.362426] cloud-init[897]: +---[RSA 2048]----+
[   42.369571] cloud-init[897]: |                 |
[   42.377268] cloud-init[897]: |                 |
[   42.383538] cloud-init[897]: |                 |
[   42.389633] cloud-init[897]: |     .           |
[   42.397532] cloud-init[897]: |  ... + S        |
[   42.404694] cloud-init[897]: |. oo.= o .  E    |
[   42.412094] cloud-init[897]: |...=..B.o. .     |
[   42.430786] cloud-init[897]: |.=O++XB.= .      |
[   42.449183] cloud-init[897]: |=.*%XX*O.        |
[   42.465920] cloud-init[897]: +----[SHA256]-----+
[   42.485333] cloud-init[897]: Generating public/private dsa key pair.
[   42.505658] cloud-init[897]: Your identification has been saved in /etc/ssh/ssh_host_dsa_key.
[   42.528428] cloud-init[897]: Your public key has been saved in /etc/ssh/ssh_host_dsa_key.pub.
[   42.550281] cloud-init[897]: The key fingerprint is:
[   42.578045] cloud-init[897]: SHA256:ocdHZsxzIbZMf1qCxBOPSKyx9A6+Hv9cWywM5bwAu/A root@ubuntu-bionic
[   42.614001] cloud-init[897]: The key's randomart image is:
[[0;32m  OK  [0m] Started Initial cloud-init job (metadata service crawler).
[   42.648002] cloud-init[[0;32m  OK  [0m] Reached target System Initialization.
[[0;32m  OK  [0m] Listening on cloud-init hotplug hook socket.
         Starting LXD - unix socket.
[897]: +---[DSA 1024]----+         Starting Socket activation for snappy daemon.
[[0;32m  OK  [0m
[   42.702684] cloud-init[897]: |       ...*..    |] Started Daily apt download activities.

[   42.745271] [[0;32m  OK  [0m] Listening on ACPID Listen Socket.
[cloud-init[897]: [0;32m  OK  [0m] Listening on Open-iSCSI iscsid Socket.
[[0;32m  OK  [0m] Listening on D-Bus System Message Bus Socket.
[[0;32m  OK  [0m] Started Discard unused blocks once a week.
[[0;32m  OK  [0m] Listening on UUID daemon activation socket.
[[0;32m  OK  [0m] Started ACPI Events Check.
[[0;32m  OK  [0m] Started Daily Cleanup of Temporary Directories.
[[0;32m  OK  [0m] Reached target Paths.
[[0;32m  OK  [0m] Started Message of the Day.
[[0;32m  OK  [0m] Started Ubuntu Advantage Timer for running repeated jobs.
[[0;32m  OK  [0m] Started Daily apt upgrade and clean activities.
[[0;32m  OK  [0m] Reached target Timers.
[[0;32m  OK  [0m] Reached target Network is Online.
[[0;32m  OK  [0m] Reached target Remote File Systems (Pre).
[[0;32m  OK  [0m] Reached target Remote File Systems.
         Starting Availability of block devices...
[[0;32m  OK  [0m] Reached target Cloud-config availability.
[[0;32m  OK  [0m] Listening on LXD - unix socket.
[[0;32m  OK  [0m] Listening on Socket activation for snappy daemon.
[[0;32m  OK  [0m] Reached target Sockets.
[[0;32m  OK  [0m] Reached target Basic System.
[[0;32m  OK  [0m] Started FUSE filesystem for LXC.
[[0;32m  OK  [0m] Started Deferred execution scheduler.
         Starting System Logging Service...
[[0;32m  OK  [0m] Reached target Login Prompts (Pre).
         Starting Snap Daemon...
         Starting LXD - container startup/shutdown...
|      o..OoB .   |
[   42.955194] cloud-init[897]: |     . =+ %.* o  |
[   42.978463]          Starting Dispatcher daemon for systemd-networkd...
cloud-init[897]: |      +o.B * =   |         Starting Login Service...

[   43.050201] cloud-init[897]: |     .ooS + +    |
[   43.075948] cloud-init[897]: |      .+.o + o   |
[   43.097271] cloud-init[897]: |      ..E   = o  |
[   43.118075] cloud-init[897]: |      .o . . +   |
[   43.143480] cloud-init[897]: [[0;32m  OK  [0m] Started Regular background program processing daemon.
|     .. ..o .    |         Starting Permit User Sessions...
         Starting Virtualbox guest utils...

[   43.204538]          Starting LSB: automatic crash report generation...
cloud-init[897]: +----[SHA256]-----+
[   43.263715] cloud-init[897]: Generating public/private ecdsa key pair.
         Starting Pollinate to seed the pseudo random number generator...
[   43.339280] cloud-init[897]: Your identification has been saved in /etc/ssh/ssh_host_ecdsa_key.
[   43.419043] cloud-init[897]: Your public key has been saved in /etc/ssh/ssh_host_ecdsa_key.pub.
[   43.486672] cloud-init[897]: The key fingerprint is:
[   43.528690] cloud-init[897]: SHA256:AsiyEGpEvT7j35rNKvj0/5Tzo0MxGN7x2DJin03QMDA root@ubuntu-bionic[[0;32m  OK  [0m] Started irqbalance daemon.

[[0;32m  OK  [0m] Started D-Bus System Message Bus.
[   43.662514] cloud-init[897]: The key's randomart image is:
[   43.673921] cloud-init[897]: +---[ECDSA 256]---+
[   43.713194] cloud-init[897]: |oo.    E.oo      |
[   43.753534] cloud-init[897]: |oo o   ..o..     |
[   43.774424] cloud-init[897]: |+.o o . + *      |
[   43.814958] cloud-init[897]: |oo . . = B +     |
[   43.841564] cloud-init[897]: |. .   o S O      |
[   44.078791] cloud-init[897]: |   +   . +..     |
[   44.087833] cloud-init[897]: |  o.o   .+       |
[   44.094664] cloud-init[897]: | ..o. = ..o.     |
[   44.102279] cloud-init[897]: |  ..o*+=.oo..    |
[   44.113227] cloud-init[897]: +----[SHA256]-----+
[   44.122840] cloud-init[897]: Generating public/private ed25519 key pair.
[   44.137428] cloud-init[897]: Your identification has been saved in /etc/ssh/ssh_host_ed25519_key.
[   44.161894] cloud-init[897]: Your public key has been saved in /etc/ssh/ssh_host_ed25519_key.pub.
[   44.177320] cloud-init[897]: The key fingerprint is:
[   44.197285] cloud-init[897]: SHA256:ngmdMyr0GHiIUWxyMBXhB4VxzHg5s3ATdLiCwLCohqE root@ubuntu-bionic
[   44.210935] cloud-init[897]: The key's randomart image is:
[   44.221784] cloud-init[897]: +--[ED25519 256]--+
[   44.229228] cloud-init[897]: |*+B@=+.          |
[   44.235525] cloud-init[897]: |+*Bo@.           |
[   44.242081] cloud-init[897]: |*=.+.*           |
[   44.249057] cloud-init[897]: |=+.+o  . .       |
[   44.255741] cloud-init[897]: |E.o.+ . S        |
[   44.261926] cloud-init[897]: |.  o + + =       |
[   44.268613] cloud-init[897]: |    o o +        |
[   44.274526] cloud-init[897]: |     .           |
[   44.283609] cloud-init[897]: |                 |
[   44.295152] cloud-init[897]: +----[SHA256]-----+
[[0;32m  OK  [0m] Started Login Service.
[[0;32m  OK  [0m] Started Unattended Upgrades Shutdown.
         Starting Accounts Service...
         Starting LSB: Record successful boot for GRUB...
[[0;32m  OK  [0m] Started System Logging Service.
[[0;32m  OK  [0m] Started Availability of block devices.
[[0;32m  OK  [0m] Started Permit User Sessions.
         Starting Terminate Plymouth Boot Screen...
         Starting Hold until boot process finishes up...
[[0;32m  OK  [0m] Started Terminate Plymouth Boot Screen.
[[0;32m  OK  [0m] Started Hold until boot process finishes up.
[[0;32m  OK  [0m] Started Serial Getty on ttyS0.
         Starting Set console scheme...
[[0;32m  OK  [0m] Started Set console scheme.
[[0;32m  OK  [0m] Created slice system-getty.slice.
[[0;32m  OK  [0m] Started Getty on tty1.
[[0;32m  OK  [0m] Reached target Login Prompts.
[[0;32m  OK  [0m] Started LSB: automatic crash report generation.
[[0;32m  OK  [0m] Started LSB: Record successful boot for GRUB.
         Starting Authorization Manager...
[[0;32m  OK  [0m] Started Authorization Manager.
[[0;32m  OK  [0m] Started Accounts Service.
[[0;32m  OK  [0m] Started Virtualbox guest utils.
[[0;32m  OK  [0m] Started LXD - container startup/shutdown.
[[0;32m  OK  [0m] Started Dispatcher daemon for systemd-networkd.
[[0;32m  OK  [0m] Started Snap Daemon.
         Starting Wait until snapd is fully seeded...

Ubuntu 18.04.6 LTS ubuntu-bionic ttyS0

ubuntu-bionic login: [   58.663182] cloud-init[1377]: Cloud-init v. 23.1.2-0ubuntu0~18.04.1 running 'modules:config' at Tue, 25 Jun 2024 23:03:36 +0000. Up 55.30 seconds.
ci-info: no authorized SSH keys fingerprints found for user ubuntu.
<14>Jun 25 23:03:42 cloud-init: #############################################################
<14>Jun 25 23:03:42 cloud-init: -----BEGIN SSH HOST KEY FINGERPRINTS-----
<14>Jun 25 23:03:42 cloud-init: 1024 SHA256:ocdHZsxzIbZMf1qCxBOPSKyx9A6+Hv9cWywM5bwAu/A root@ubuntu-bionic (DSA)
<14>Jun 25 23:03:42 cloud-init: 256 SHA256:AsiyEGpEvT7j35rNKvj0/5Tzo0MxGN7x2DJin03QMDA root@ubuntu-bionic (ECDSA)
<14>Jun 25 23:03:42 cloud-init: 256 SHA256:ngmdMyr0GHiIUWxyMBXhB4VxzHg5s3ATdLiCwLCohqE root@ubuntu-bionic (ED25519)
<14>Jun 25 23:03:42 cloud-init: 2048 SHA256:i+5kTNL2Sqb4yCeLFb95ugKqeTvRC/sseX9oNuemdl0 root@ubuntu-bionic (RSA)
<14>Jun 25 23:03:42 cloud-init: -----END SSH HOST KEY FINGERPRINTS-----
<14>Jun 25 23:03:42 cloud-init: #############################################################
-----BEGIN SSH HOST KEY KEYS-----
ecdsa-sha2-nistp256 AAAAE2VjZHNhLXNoYTItbmlzdHAyNTYAAAAIbmlzdHAyNTYAAABBBE03nl4eM7ScsMa38IS3Bw/oUSyVlKYxdNUKnms9RHZo+Zd/SfCNlomHSc7D8pWOLieYwOVUQAMBuc+MNLnouBw= root@ubuntu-bionic
ssh-ed25519 AAAAC3NzaC1lZDI1NTE5AAAAINv7K4/U0CUnE9ApioZThkQJ0eWyr/82e/IG9goxxpv5 root@ubuntu-bionic
ssh-rsa AAAAB3NzaC1yc2EAAAADAQABAAABAQCpbSUChh60cy7OpNlbn+/lSpwn3JBnylEgFAT9+ygnB8Qa/KTE98x3rvmv6Dwh5jBdAJxcdlcPNLKESlf020hfjQH9z2w92V64lzj5IWqi4jk/gZH+DGBtijEa052yxO11m/dFUSBPTQL5fJp5qP7JOJiN8alxZCPImGa4ts17pjT7aOJsyxmZ0rKzzSYE8a7dQs1ukehDKZx4roSwETkPypiQtABnu8Dz9xmNBR7Q69G4R1adZjsm6EMaAVnkLHECGdtvobo3xyHoXXqFuC2lx4zv3vuAoOlEZWPEekoMUxFWXVI2SSr6Yfi7UzP4EfJtliKNjzUaMej5HLSYEK7Z root@ubuntu-bionic
-----END SSH HOST KEY KEYS-----
[   61.482958] cloud-init[1554]: Cloud-init v. 23.1.2-0ubuntu0~18.04.1 running 'modules:final' at Tue, 25 Jun 2024 23:03:41 +0000. Up 60.52 seconds.
[   61.483221] cloud-init[1554]: Cloud-init v. 23.1.2-0ubuntu0~18.04.1 finished at Tue, 25 Jun 2024 23:03:42 +0000. Datasource DataSourceNoCloud [seed=/dev/sdb][dsmode=net].  Up 61.37 seconds
